[2024-10-04T08:56:56.258+0000] {manager.py:487} INFO - Processing files using up to 2 processes at a time 
[2024-10-04T08:56:56.259+0000] {manager.py:488} INFO - Process each file at most once every 30 seconds
[2024-10-04T08:56:56.260+0000] {manager.py:489} INFO - Checking for new files in /opt/airflow/dags every 300 seconds
[2024-10-04T08:56:56.261+0000] {manager.py:758} INFO - Searching for files in /opt/airflow/dags
[2024-10-04T08:56:56.276+0000] {manager.py:761} INFO - There are 1 files in /opt/airflow/dags
[2024-10-04T08:56:56.382+0000] {manager.py:889} INFO - 
================================================================================
DAG File Processing Stats

File Path                                               PID  Runtime      # DAGs    # Errors  Last Runtime    Last Run
----------------------------------------------------  -----  ---------  --------  ----------  --------------  ----------
/opt/airflow/dags/music_recommendation_retraining.py    186  0.05s             0           0
================================================================================
[2024-10-04T08:57:26.545+0000] {manager.py:889} INFO - 
================================================================================
DAG File Processing Stats

File Path                                             PID    Runtime      # DAGs    # Errors  Last Runtime    Last Run
----------------------------------------------------  -----  ---------  --------  ----------  --------------  -------------------
/opt/airflow/dags/music_recommendation_retraining.py                           1           0  5.86s           2024-10-04T08:57:02
================================================================================
[2024-10-04T08:57:56.720+0000] {manager.py:889} INFO - 
================================================================================
DAG File Processing Stats

File Path                                             PID    Runtime      # DAGs    # Errors  Last Runtime    Last Run
----------------------------------------------------  -----  ---------  --------  ----------  --------------  -------------------
/opt/airflow/dags/music_recommendation_retraining.py                           1           0  2.40s           2024-10-04T08:57:34
================================================================================
[2024-10-04T08:58:27.084+0000] {manager.py:889} INFO - 
================================================================================
DAG File Processing Stats

File Path                                             PID    Runtime      # DAGs    # Errors  Last Runtime    Last Run
----------------------------------------------------  -----  ---------  --------  ----------  --------------  -------------------
/opt/airflow/dags/music_recommendation_retraining.py                           1           0  1.47s           2024-10-04T08:58:06
================================================================================
[2024-10-04T08:58:57.167+0000] {manager.py:889} INFO - 
================================================================================
DAG File Processing Stats

File Path                                             PID    Runtime      # DAGs    # Errors  Last Runtime    Last Run
----------------------------------------------------  -----  ---------  --------  ----------  --------------  -------------------
/opt/airflow/dags/music_recommendation_retraining.py                           1           0  1.48s           2024-10-04T08:58:38
================================================================================
[2024-10-04T08:59:27.880+0000] {manager.py:889} INFO - 
================================================================================
DAG File Processing Stats

File Path                                             PID    Runtime      # DAGs    # Errors  Last Runtime    Last Run
----------------------------------------------------  -----  ---------  --------  ----------  --------------  -------------------
/opt/airflow/dags/music_recommendation_retraining.py                           1           0  1.55s           2024-10-04T08:59:09
================================================================================
[2024-10-04T08:59:58.055+0000] {manager.py:889} INFO - 
================================================================================
DAG File Processing Stats

File Path                                             PID    Runtime      # DAGs    # Errors  Last Runtime    Last Run
----------------------------------------------------  -----  ---------  --------  ----------  --------------  -------------------
/opt/airflow/dags/music_recommendation_retraining.py                           1           0  1.51s           2024-10-04T08:59:41
================================================================================
[2024-10-04T09:00:28.172+0000] {manager.py:889} INFO - 
================================================================================
DAG File Processing Stats

File Path                                             PID    Runtime      # DAGs    # Errors  Last Runtime    Last Run
----------------------------------------------------  -----  ---------  --------  ----------  --------------  -------------------
/opt/airflow/dags/music_recommendation_retraining.py                           1           0  1.47s           2024-10-04T09:00:13
================================================================================
[2024-10-04T09:00:58.891+0000] {manager.py:889} INFO - 
================================================================================
DAG File Processing Stats

File Path                                             PID    Runtime      # DAGs    # Errors  Last Runtime    Last Run
----------------------------------------------------  -----  ---------  --------  ----------  --------------  -------------------
/opt/airflow/dags/music_recommendation_retraining.py                           1           0  1.56s           2024-10-04T09:00:44
================================================================================
[2024-10-04T09:01:29.059+0000] {manager.py:889} INFO - 
================================================================================
DAG File Processing Stats

File Path                                             PID    Runtime      # DAGs    # Errors  Last Runtime    Last Run
----------------------------------------------------  -----  ---------  --------  ----------  --------------  -------------------
/opt/airflow/dags/music_recommendation_retraining.py                           1           0  1.26s           2024-10-04T09:01:16
================================================================================
[2024-10-04T09:01:56.455+0000] {manager.py:758} INFO - Searching for files in /opt/airflow/dags
[2024-10-04T09:01:56.472+0000] {manager.py:761} INFO - There are 1 files in /opt/airflow/dags
[2024-10-04T09:01:59.500+0000] {manager.py:889} INFO - 
================================================================================
DAG File Processing Stats

File Path                                             PID    Runtime      # DAGs    # Errors  Last Runtime    Last Run
----------------------------------------------------  -----  ---------  --------  ----------  --------------  -------------------
/opt/airflow/dags/music_recommendation_retraining.py                           1           0  1.42s           2024-10-04T09:01:47
================================================================================
[2024-10-04T09:02:30.048+0000] {manager.py:889} INFO - 
================================================================================
DAG File Processing Stats

File Path                                             PID    Runtime      # DAGs    # Errors  Last Runtime    Last Run
----------------------------------------------------  -----  ---------  --------  ----------  --------------  -------------------
/opt/airflow/dags/music_recommendation_retraining.py                           1           0  1.36s           2024-10-04T09:02:19
================================================================================
[2024-10-04T09:03:00.549+0000] {manager.py:889} INFO - 
================================================================================
DAG File Processing Stats

File Path                                             PID    Runtime      # DAGs    # Errors  Last Runtime    Last Run
----------------------------------------------------  -----  ---------  --------  ----------  --------------  -------------------
/opt/airflow/dags/music_recommendation_retraining.py                           1           0  1.35s           2024-10-04T09:02:50
================================================================================
[2024-10-04T09:03:30.619+0000] {manager.py:889} INFO - 
================================================================================
DAG File Processing Stats

File Path                                             PID    Runtime      # DAGs    # Errors  Last Runtime    Last Run
----------------------------------------------------  -----  ---------  --------  ----------  --------------  -------------------
/opt/airflow/dags/music_recommendation_retraining.py                           1           0  1.58s           2024-10-04T09:03:22
================================================================================
[2024-10-04T09:04:01.204+0000] {manager.py:889} INFO - 
================================================================================
DAG File Processing Stats

File Path                                             PID    Runtime      # DAGs    # Errors  Last Runtime    Last Run
----------------------------------------------------  -----  ---------  --------  ----------  --------------  -------------------
/opt/airflow/dags/music_recommendation_retraining.py                           1           0  1.69s           2024-10-04T09:03:54
================================================================================
[2024-10-04T09:04:31.625+0000] {manager.py:889} INFO - 
================================================================================
DAG File Processing Stats

File Path                                             PID    Runtime      # DAGs    # Errors  Last Runtime    Last Run
----------------------------------------------------  -----  ---------  --------  ----------  --------------  -------------------
/opt/airflow/dags/music_recommendation_retraining.py                           1           0  2.03s           2024-10-04T09:04:26
================================================================================
[2024-10-04T09:05:01.797+0000] {manager.py:889} INFO - 
================================================================================
DAG File Processing Stats

File Path                                             PID    Runtime      # DAGs    # Errors  Last Runtime    Last Run
----------------------------------------------------  -----  ---------  --------  ----------  --------------  -------------------
/opt/airflow/dags/music_recommendation_retraining.py                           1           0  1.34s           2024-10-04T09:04:45
================================================================================
[2024-10-04T09:05:32.290+0000] {manager.py:889} INFO - 
================================================================================
DAG File Processing Stats

File Path                                             PID    Runtime      # DAGs    # Errors  Last Runtime    Last Run
----------------------------------------------------  -----  ---------  --------  ----------  --------------  -------------------
/opt/airflow/dags/music_recommendation_retraining.py                           1           0  1.30s           2024-10-04T09:05:04
================================================================================
[2024-10-04T09:06:02.739+0000] {manager.py:889} INFO - 
================================================================================
DAG File Processing Stats

File Path                                             PID    Runtime      # DAGs    # Errors  Last Runtime    Last Run
----------------------------------------------------  -----  ---------  --------  ----------  --------------  -------------------
/opt/airflow/dags/music_recommendation_retraining.py                           1           0  1.52s           2024-10-04T09:05:36
================================================================================
[2024-10-04T09:06:32.891+0000] {manager.py:889} INFO - 
================================================================================
DAG File Processing Stats

File Path                                             PID    Runtime      # DAGs    # Errors  Last Runtime    Last Run
----------------------------------------------------  -----  ---------  --------  ----------  --------------  -------------------
/opt/airflow/dags/music_recommendation_retraining.py                           0           1  1.46s           2024-10-04T09:06:22
================================================================================
[2024-10-04T09:06:57.019+0000] {manager.py:758} INFO - Searching for files in /opt/airflow/dags
[2024-10-04T09:06:57.033+0000] {manager.py:761} INFO - There are 1 files in /opt/airflow/dags
[2024-10-04T09:07:03.078+0000] {manager.py:889} INFO - 
================================================================================
DAG File Processing Stats

File Path                                             PID    Runtime      # DAGs    # Errors  Last Runtime    Last Run
----------------------------------------------------  -----  ---------  --------  ----------  --------------  -------------------
/opt/airflow/dags/music_recommendation_retraining.py                           1           0  1.50s           2024-10-04T09:06:34
================================================================================
[2024-10-04T09:07:33.242+0000] {manager.py:889} INFO - 
================================================================================
DAG File Processing Stats

File Path                                             PID    Runtime      # DAGs    # Errors  Last Runtime    Last Run
----------------------------------------------------  -----  ---------  --------  ----------  --------------  -------------------
/opt/airflow/dags/music_recommendation_retraining.py                           1           0  1.53s           2024-10-04T09:07:06
================================================================================
[2024-10-04T09:08:03.403+0000] {manager.py:889} INFO - 
================================================================================
DAG File Processing Stats

File Path                                             PID    Runtime      # DAGs    # Errors  Last Runtime    Last Run
----------------------------------------------------  -----  ---------  --------  ----------  --------------  -------------------
/opt/airflow/dags/music_recommendation_retraining.py                           1           0  1.60s           2024-10-04T09:07:38
================================================================================
[2024-10-04T09:08:33.664+0000] {manager.py:889} INFO - 
================================================================================
DAG File Processing Stats

File Path                                             PID    Runtime      # DAGs    # Errors  Last Runtime    Last Run
----------------------------------------------------  -----  ---------  --------  ----------  --------------  -------------------
/opt/airflow/dags/music_recommendation_retraining.py                           1           0  2.15s           2024-10-04T09:08:10
================================================================================
[2024-10-04T09:09:03.838+0000] {manager.py:889} INFO - 
================================================================================
DAG File Processing Stats

File Path                                             PID    Runtime      # DAGs    # Errors  Last Runtime    Last Run
----------------------------------------------------  -----  ---------  --------  ----------  --------------  -------------------
/opt/airflow/dags/music_recommendation_retraining.py                           1           0  1.76s           2024-10-04T09:08:42
================================================================================
[2024-10-04T09:09:33.981+0000] {manager.py:889} INFO - 
================================================================================
DAG File Processing Stats

File Path                                             PID    Runtime      # DAGs    # Errors  Last Runtime    Last Run
----------------------------------------------------  -----  ---------  --------  ----------  --------------  -------------------
/opt/airflow/dags/music_recommendation_retraining.py                           1           0  1.83s           2024-10-04T09:09:14
================================================================================
[2024-10-04T09:10:04.122+0000] {manager.py:889} INFO - 
================================================================================
DAG File Processing Stats

File Path                                             PID    Runtime      # DAGs    # Errors  Last Runtime    Last Run
----------------------------------------------------  -----  ---------  --------  ----------  --------------  -------------------
/opt/airflow/dags/music_recommendation_retraining.py                           1           0  1.50s           2024-10-04T09:09:46
================================================================================
[2024-10-04T09:10:34.330+0000] {manager.py:889} INFO - 
================================================================================
DAG File Processing Stats

File Path                                             PID    Runtime      # DAGs    # Errors  Last Runtime    Last Run
----------------------------------------------------  -----  ---------  --------  ----------  --------------  -------------------
/opt/airflow/dags/music_recommendation_retraining.py                           1           0  1.40s           2024-10-04T09:10:17
================================================================================
[2024-10-04T09:11:04.789+0000] {manager.py:889} INFO - 
================================================================================
DAG File Processing Stats

File Path                                             PID    Runtime      # DAGs    # Errors  Last Runtime    Last Run
----------------------------------------------------  -----  ---------  --------  ----------  --------------  -------------------
/opt/airflow/dags/music_recommendation_retraining.py                           1           0  1.39s           2024-10-04T09:10:49
================================================================================
[2024-10-04T09:11:35.310+0000] {manager.py:889} INFO - 
================================================================================
DAG File Processing Stats

File Path                                             PID    Runtime      # DAGs    # Errors  Last Runtime    Last Run
----------------------------------------------------  -----  ---------  --------  ----------  --------------  -------------------
/opt/airflow/dags/music_recommendation_retraining.py                           1           0  1.35s           2024-10-04T09:11:20
================================================================================
[2024-10-04T09:11:57.419+0000] {manager.py:758} INFO - Searching for files in /opt/airflow/dags
[2024-10-04T09:11:57.436+0000] {manager.py:761} INFO - There are 1 files in /opt/airflow/dags
[2024-10-04T09:12:05.481+0000] {manager.py:889} INFO - 
================================================================================
DAG File Processing Stats

File Path                                             PID    Runtime      # DAGs    # Errors  Last Runtime    Last Run
----------------------------------------------------  -----  ---------  --------  ----------  --------------  -------------------
/opt/airflow/dags/music_recommendation_retraining.py                           1           0  1.78s           2024-10-04T09:11:52
================================================================================
[2024-10-04T09:12:35.685+0000] {manager.py:889} INFO - 
================================================================================
DAG File Processing Stats

File Path                                             PID    Runtime      # DAGs    # Errors  Last Runtime    Last Run
----------------------------------------------------  -----  ---------  --------  ----------  --------------  -------------------
/opt/airflow/dags/music_recommendation_retraining.py                           1           0  1.43s           2024-10-04T09:12:23
================================================================================
[2024-10-04T09:13:06.223+0000] {manager.py:889} INFO - 
================================================================================
DAG File Processing Stats

File Path                                             PID    Runtime      # DAGs    # Errors  Last Runtime    Last Run
----------------------------------------------------  -----  ---------  --------  ----------  --------------  -------------------
/opt/airflow/dags/music_recommendation_retraining.py                           1           0  1.46s           2024-10-04T09:12:55
================================================================================
[2024-10-04T09:13:36.852+0000] {manager.py:889} INFO - 
================================================================================
DAG File Processing Stats

File Path                                             PID    Runtime      # DAGs    # Errors  Last Runtime    Last Run
----------------------------------------------------  -----  ---------  --------  ----------  --------------  -------------------
/opt/airflow/dags/music_recommendation_retraining.py                           1           0  1.38s           2024-10-04T09:13:27
================================================================================
[2024-10-04T09:14:06.990+0000] {manager.py:889} INFO - 
================================================================================
DAG File Processing Stats

File Path                                             PID    Runtime      # DAGs    # Errors  Last Runtime    Last Run
----------------------------------------------------  -----  ---------  --------  ----------  --------------  -------------------
/opt/airflow/dags/music_recommendation_retraining.py                           1           0  1.62s           2024-10-04T09:13:58
================================================================================
[2024-10-04T09:14:37.548+0000] {manager.py:889} INFO - 
================================================================================
DAG File Processing Stats

File Path                                             PID    Runtime      # DAGs    # Errors  Last Runtime    Last Run
----------------------------------------------------  -----  ---------  --------  ----------  --------------  -------------------
/opt/airflow/dags/music_recommendation_retraining.py                           1           0  1.58s           2024-10-04T09:14:30
================================================================================
[2024-10-04T09:15:07.849+0000] {manager.py:889} INFO - 
================================================================================
DAG File Processing Stats

File Path                                             PID    Runtime      # DAGs    # Errors  Last Runtime    Last Run
----------------------------------------------------  -----  ---------  --------  ----------  --------------  -------------------
/opt/airflow/dags/music_recommendation_retraining.py                           1           0  1.29s           2024-10-04T09:15:02
================================================================================
[2024-10-04T09:15:38.268+0000] {manager.py:889} INFO - 
================================================================================
DAG File Processing Stats

File Path                                             PID    Runtime      # DAGs    # Errors  Last Runtime    Last Run
----------------------------------------------------  -----  ---------  --------  ----------  --------------  -------------------
/opt/airflow/dags/music_recommendation_retraining.py                           1           0  1.29s           2024-10-04T09:15:33
================================================================================
[2024-10-04T09:16:08.367+0000] {manager.py:889} INFO - 
================================================================================
DAG File Processing Stats

File Path                                             PID    Runtime      # DAGs    # Errors  Last Runtime    Last Run
----------------------------------------------------  -----  ---------  --------  ----------  --------------  -------------------
/opt/airflow/dags/music_recommendation_retraining.py                           1           0  1.69s           2024-10-04T09:16:05
================================================================================
[2024-10-04T09:16:38.837+0000] {manager.py:889} INFO - 
================================================================================
DAG File Processing Stats

File Path                                             PID    Runtime      # DAGs    # Errors  Last Runtime    Last Run
----------------------------------------------------  -----  ---------  --------  ----------  --------------  -------------------
/opt/airflow/dags/music_recommendation_retraining.py                           1           0  1.40s           2024-10-04T09:16:36
================================================================================
[2024-10-04T09:16:57.931+0000] {manager.py:758} INFO - Searching for files in /opt/airflow/dags
[2024-10-04T09:16:57.946+0000] {manager.py:761} INFO - There are 1 files in /opt/airflow/dags
[2024-10-04T09:17:09.043+0000] {manager.py:889} INFO - 
================================================================================
DAG File Processing Stats

File Path                                             PID    Runtime      # DAGs    # Errors  Last Runtime    Last Run
----------------------------------------------------  -----  ---------  --------  ----------  --------------  -------------------
/opt/airflow/dags/music_recommendation_retraining.py                           1           0  1.61s           2024-10-04T09:17:08
================================================================================
[2024-10-04T09:17:39.177+0000] {manager.py:889} INFO - 
================================================================================
DAG File Processing Stats

File Path                                               PID  Runtime      # DAGs    # Errors  Last Runtime    Last Run
----------------------------------------------------  -----  ---------  --------  ----------  --------------  -------------------
/opt/airflow/dags/music_recommendation_retraining.py   1190  0.42s             1           0  1.61s           2024-10-04T09:17:08
================================================================================
[2024-10-04T09:18:09.340+0000] {manager.py:889} INFO - 
================================================================================
DAG File Processing Stats

File Path                                             PID    Runtime      # DAGs    # Errors  Last Runtime    Last Run
----------------------------------------------------  -----  ---------  --------  ----------  --------------  -------------------
/opt/airflow/dags/music_recommendation_retraining.py                           1           0  1.89s           2024-10-04T09:17:40
================================================================================
[2024-10-04T09:18:39.545+0000] {manager.py:889} INFO - 
================================================================================
DAG File Processing Stats

File Path                                             PID    Runtime      # DAGs    # Errors  Last Runtime    Last Run
----------------------------------------------------  -----  ---------  --------  ----------  --------------  -------------------
/opt/airflow/dags/music_recommendation_retraining.py                           1           0  1.60s           2024-10-04T09:18:12
================================================================================
[2024-10-04T09:19:09.720+0000] {manager.py:889} INFO - 
================================================================================
DAG File Processing Stats

File Path                                             PID    Runtime      # DAGs    # Errors  Last Runtime    Last Run
----------------------------------------------------  -----  ---------  --------  ----------  --------------  -------------------
/opt/airflow/dags/music_recommendation_retraining.py                           1           0  1.40s           2024-10-04T09:18:43
================================================================================
[2024-10-04T09:19:39.730+0000] {manager.py:889} INFO - 
================================================================================
DAG File Processing Stats

File Path                                             PID    Runtime      # DAGs    # Errors  Last Runtime    Last Run
----------------------------------------------------  -----  ---------  --------  ----------  --------------  -------------------
/opt/airflow/dags/music_recommendation_retraining.py                           1           0  1.48s           2024-10-04T09:19:15
================================================================================
[2024-10-04T09:20:09.901+0000] {manager.py:889} INFO - 
================================================================================
DAG File Processing Stats

File Path                                             PID    Runtime      # DAGs    # Errors  Last Runtime    Last Run
----------------------------------------------------  -----  ---------  --------  ----------  --------------  -------------------
/opt/airflow/dags/music_recommendation_retraining.py                           1           0  1.41s           2024-10-04T09:19:47
================================================================================
[2024-10-04T09:20:40.470+0000] {manager.py:889} INFO - 
================================================================================
DAG File Processing Stats

File Path                                             PID    Runtime      # DAGs    # Errors  Last Runtime    Last Run
----------------------------------------------------  -----  ---------  --------  ----------  --------------  -------------------
/opt/airflow/dags/music_recommendation_retraining.py                           1           0  1.39s           2024-10-04T09:20:18
================================================================================
[2024-10-04T09:21:00.357+0000] {manager.py:470} INFO - Exiting gracefully upon receiving signal 15
